7/26/2012 3:37:29 PM	This log contains information about the import schema operation into project 'FindMyLibrary.Database' on computer 'ISS-120VS6' by user 'GHaynes'.
7/26/2012 3:37:30 PM	Import of database schema has started.
7/26/2012 3:37:38 PM	Gathering database options
7/26/2012 3:37:38 PM	Gathering users
7/26/2012 3:37:38 PM	Gathering roles
7/26/2012 3:37:38 PM	Gathering application roles
7/26/2012 3:37:38 PM	Gathering role memberships
7/26/2012 3:37:38 PM	Gathering filegroups
7/26/2012 3:37:38 PM	Gathering full-text catalogs
7/26/2012 3:37:38 PM	Gathering assemblies
7/26/2012 3:37:38 PM	Gathering certificates
7/26/2012 3:37:38 PM	Gathering asymmetric keys
7/26/2012 3:37:38 PM	Gathering symmetric keys
7/26/2012 3:37:38 PM	Gathering encrypted symmetric keys
7/26/2012 3:37:38 PM	Gathering schemas
7/26/2012 3:37:38 PM	Gathering XML schema collections
7/26/2012 3:37:38 PM	Gathering user-defined data types
7/26/2012 3:37:38 PM	Gathering user-defined types
7/26/2012 3:37:38 PM	Gathering table types
7/26/2012 3:37:38 PM	Gathering unique keys for table types
7/26/2012 3:37:38 PM	Gathering primary keys for table types
7/26/2012 3:37:38 PM	Gathering check constraints for table types
7/26/2012 3:37:38 PM	Gathering default constraints for table types
7/26/2012 3:37:38 PM	Gathering partition functions
7/26/2012 3:37:38 PM	Gathering partition schemes
7/26/2012 3:37:38 PM	Gathering functions
7/26/2012 3:37:38 PM	Gathering encrypted functions
7/26/2012 3:37:38 PM	Gathering aggregates
7/26/2012 3:37:38 PM	Gathering procedures
7/26/2012 3:37:38 PM	Gathering encrypted procedures
7/26/2012 3:37:38 PM	Gathering tables
7/26/2012 3:37:38 PM	Gathering primary keys
7/26/2012 3:37:38 PM	Gathering unique constraints
7/26/2012 3:37:38 PM	Gathering foreign keys
7/26/2012 3:37:38 PM	Gathering default constraints
7/26/2012 3:37:38 PM	Gathering check constraints
7/26/2012 3:37:38 PM	Gathering views
7/26/2012 3:37:38 PM	Gathering encrypted views
7/26/2012 3:37:38 PM	Gathering indexes
7/26/2012 3:37:38 PM	Gathering statistics
7/26/2012 3:37:38 PM	Gathering full-text index stoplists
7/26/2012 3:37:38 PM	Gathering full-text indexes
7/26/2012 3:37:38 PM	Gathering spatial indexes
7/26/2012 3:37:38 PM	Gathering XML indexes
7/26/2012 3:37:38 PM	Gathering encrypted triggers
7/26/2012 3:37:38 PM	Gathering triggers
7/26/2012 3:37:38 PM	Gathering encrypted and clr ddl triggers
7/26/2012 3:37:38 PM	Gathering ddl triggers
7/26/2012 3:37:38 PM	Gathering synonyms
7/26/2012 3:37:38 PM	Gathering defaults
7/26/2012 3:37:38 PM	Gathering data constraint uddt bindings
7/26/2012 3:37:38 PM	Gathering rules
7/26/2012 3:37:38 PM	Gathering data constraint uddt bindings
7/26/2012 3:37:38 PM	Gathering message types
7/26/2012 3:37:38 PM	Gathering queues
7/26/2012 3:37:38 PM	Gathering contracts
7/26/2012 3:37:38 PM	Gathering services
7/26/2012 3:37:38 PM	Gathering event notifications
7/26/2012 3:37:38 PM	Gathering remote service bindings
7/26/2012 3:37:38 PM	Gathering broker priorities
7/26/2012 3:37:38 PM	Gathering signatures
7/26/2012 3:37:38 PM	Gathering data compression options
7/26/2012 3:37:38 PM	Gathering database permissions
7/26/2012 3:37:38 PM	Gathering extended properties
7/26/2012 3:37:38 PM	Gathering credentials
7/26/2012 3:37:38 PM	Gathering logins
7/26/2012 3:37:38 PM	Gathering server audits
7/26/2012 3:37:39 PM	Scanning project for duplicate elements
7/26/2012 3:37:39 PM	Finished duplicate element processing
7/26/2012 3:37:39 PM	Finished importing database.
7/26/2012 3:37:39 PM	A summary of the import was saved to the following location: C:\Projects\GitHub\FindMyLibrary\src\app\FindMyLibrary.Database\Import Schema Logs\FindMyLibrary.Databa_20120726083729.log
7/26/2012 3:37:39 PM	Click Finish to continue...
